# JRE version: OpenJDK Runtime Environment Temurin-21.0.10+7 (21.0.10+7) (build 21.0.10+7-LTS)
# Java VM: OpenJDK 64-Bit Server VM Temurin-21.0.10+7 (21.0.10+7-LTS, mixed mode, sharing, tiered, compressed oops, compressed class ptrs, parallel gc, windows-amd64)
GC Precious Log:
 CardTable entry size: 512
 CPUs: 24 total, 24 available
 Memory: 65460M
 Large Page Support: Disabled
 NUMA Support: Disabled
 Compressed Oops: Enabled (32-bit)
 Alignments: Space 512K, Generation 512K, Heap 2M
 Heap Min Capacity: 100M
 Heap Initial Capacity: 100M
 Heap Max Capacity: 2G
 Pre-touch: Disabled
 Parallel Workers: 18
Heap:
 PSYoungGen      total 9728K, used 8509K [0x00000000d5580000, 0x00000000d6000000, 0x0000000100000000)
  eden space 9216K, 87% used [0x00000000d5580000,0x00000000d5d676d0,0x00000000d5e80000)
  from space 512K, 81% used [0x00000000d5f80000,0x00000000d5fe8000,0x00000000d6000000)
  to   space 512K, 0% used [0x00000000d5f00000,0x00000000d5f00000,0x00000000d5f80000)
 ParOldGen       total 68608K, used 59960K [0x0000000080000000, 0x0000000084300000, 0x00000000d5580000)
  object space 68608K, 87% used [0x0000000080000000,0x0000000083a8e368,0x0000000084300000)
 Metaspace       used 72960K, committed 74496K, reserved 1114112K
  class space    used 9039K, committed 9664K, reserved 1048576K
GC Heap History (20 events):
Event: 2020.731 GC heap before
{Heap before GC invocations=100 (full 3):
 PSYoungGen      total 9728K, used 9728K [0x00000000d5580000, 0x00000000d6080000, 0x0000000100000000)
  eden space 9216K, 100% used [0x00000000d5580000,0x00000000d5e80000,0x00000000d5e80000)
  from space 512K, 100% used [0x00000000d5f80000,0x00000000d6000000,0x00000000d6000000)
  to   space 1024K, 0% used [0x00000000d5e80000,0x00000000d5e80000,0x00000000d5f80000)
 ParOldGen       total 68608K, used 58792K [0x0000000080000000, 0x0000000084300000, 0x00000000d5580000)
  object space 68608K, 85% used [0x0000000080000000,0x000000008396a368,0x0000000084300000)
 Metaspace       used 72845K, committed 74432K, reserved 1114112K
  class space    used 9038K, committed 9664K, reserved 1048576K
}
Event: 2020.732 GC heap after
{Heap after GC invocations=100 (full 3):
 PSYoungGen      total 10240K, used 576K [0x00000000d5580000, 0x00000000d6080000, 0x0000000100000000)
  eden space 9216K, 0% used [0x00000000d5580000,0x00000000d5580000,0x00000000d5e80000)
  from space 1024K, 56% used [0x00000000d5e80000,0x00000000d5f10000,0x00000000d5f80000)
  to   space 1024K, 0% used [0x00000000d5f80000,0x00000000d5f80000,0x00000000d6080000)
 ParOldGen       total 68608K, used 58920K [0x0000000080000000, 0x0000000084300000, 0x00000000d5580000)
  object space 68608K, 85% used [0x0000000080000000,0x000000008398a368,0x0000000084300000)
 Metaspace       used 72845K, committed 74432K, reserved 1114112K
  class space    used 9038K, committed 9664K, reserved 1048576K
}
Event: 2245.226 GC heap before
{Heap before GC invocations=101 (full 3):
 PSYoungGen      total 10240K, used 9792K [0x00000000d5580000, 0x00000000d6080000, 0x0000000100000000)
  eden space 9216K, 100% used [0x00000000d5580000,0x00000000d5e80000,0x00000000d5e80000)
  from space 1024K, 56% used [0x00000000d5e80000,0x00000000d5f10000,0x00000000d5f80000)
  to   space 1024K, 0% used [0x00000000d5f80000,0x00000000d5f80000,0x00000000d6080000)
 ParOldGen       total 68608K, used 58920K [0x0000000080000000, 0x0000000084300000, 0x00000000d5580000)
  object space 68608K, 85% used [0x0000000080000000,0x000000008398a368,0x0000000084300000)
 Metaspace       used 72852K, committed 74432K, reserved 1114112K
  class space    used 9038K, committed 9664K, reserved 1048576K
}
Event: 2245.227 GC heap after
{Heap after GC invocations=101 (full 3):
 PSYoungGen      total 10240K, used 512K [0x00000000d5580000, 0x00000000d6080000, 0x0000000100000000)
  eden space 9216K, 0% used [0x00000000d5580000,0x00000000d5580000,0x00000000d5e80000)
  from space 1024K, 50% used [0x00000000d5f80000,0x00000000d6000000,0x00000000d6080000)
  to   space 1024K, 0% used [0x00000000d5e80000,0x00000000d5e80000,0x00000000d5f80000)
 ParOldGen       total 68608K, used 59048K [0x0000000080000000, 0x0000000084300000, 0x00000000d5580000)
  object space 68608K, 86% used [0x0000000080000000,0x00000000839aa368,0x0000000084300000)
 Metaspace       used 72852K, committed 74432K, reserved 1114112K
  class space    used 9038K, committed 9664K, reserved 1048576K
}
Event: 2254.971 GC heap before
{Heap before GC invocations=102 (full 3):
 PSYoungGen      total 10240K, used 9728K [0x00000000d5580000, 0x00000000d6080000, 0x0000000100000000)
  eden space 9216K, 100% used [0x00000000d5580000,0x00000000d5e80000,0x00000000d5e80000)
  from space 1024K, 50% used [0x00000000d5f80000,0x00000000d6000000,0x00000000d6080000)
  to   space 1024K, 0% used [0x00000000d5e80000,0x00000000d5e80000,0x00000000d5f80000)
 ParOldGen       total 68608K, used 59048K [0x0000000080000000, 0x0000000084300000, 0x00000000d5580000)
  object space 68608K, 86% used [0x0000000080000000,0x00000000839aa368,0x0000000084300000)
 Metaspace       used 72904K, committed 74432K, reserved 1114112K
  class space    used 9038K, committed 9664K, reserved 1048576K
}
Event: 2254.971 GC heap after
{Heap after GC invocations=102 (full 3):
 PSYoungGen      total 10240K, used 576K [0x00000000d5580000, 0x00000000d6080000, 0x0000000100000000)
  eden space 9216K, 0% used [0x00000000d5580000,0x00000000d5580000,0x00000000d5e80000)
  from space 1024K, 56% used [0x00000000d5e80000,0x00000000d5f10000,0x00000000d5f80000)
  to   space 1024K, 0% used [0x00000000d5f80000,0x00000000d5f80000,0x00000000d6080000)
 ParOldGen       total 68608K, used 59168K [0x0000000080000000, 0x0000000084300000, 0x00000000d5580000)
  object space 68608K, 86% used [0x0000000080000000,0x00000000839c8368,0x0000000084300000)
 Metaspace       used 72904K, committed 74432K, reserved 1114112K
  class space    used 9038K, committed 9664K, reserved 1048576K
}
Event: 2394.803 GC heap before
{Heap before GC invocations=103 (full 3):
 PSYoungGen      total 10240K, used 9792K [0x00000000d5580000, 0x00000000d6080000, 0x0000000100000000)
  eden space 9216K, 100% used [0x00000000d5580000,0x00000000d5e80000,0x00000000d5e80000)
  from space 1024K, 56% used [0x00000000d5e80000,0x00000000d5f10000,0x00000000d5f80000)
  to   space 1024K, 0% used [0x00000000d5f80000,0x00000000d5f80000,0x00000000d6080000)
 ParOldGen       total 68608K, used 59168K [0x0000000080000000, 0x0000000084300000, 0x00000000d5580000)
  object space 68608K, 86% used [0x0000000080000000,0x00000000839c8368,0x0000000084300000)
 Metaspace       used 72925K, committed 74432K, reserved 1114112K
  class space    used 9038K, committed 9664K, reserved 1048576K
}
Event: 2394.804 GC heap after
{Heap after GC invocations=103 (full 3):
 PSYoungGen      total 10240K, used 544K [0x00000000d5580000, 0x00000000d6080000, 0x0000000100000000)
  eden space 9216K, 0% used [0x00000000d5580000,0x00000000d5580000,0x00000000d5e80000)
  from space 1024K, 53% used [0x00000000d5f80000,0x00000000d6008000,0x00000000d6080000)
  to   space 1024K, 0% used [0x00000000d5e80000,0x00000000d5e80000,0x00000000d5f80000)
 ParOldGen       total 68608K, used 59296K [0x0000000080000000, 0x0000000084300000, 0x00000000d5580000)
  object space 68608K, 86% used [0x0000000080000000,0x00000000839e8368,0x0000000084300000)
 Metaspace       used 72925K, committed 74432K, reserved 1114112K
  class space    used 9038K, committed 9664K, reserved 1048576K
}
Event: 2536.901 GC heap before
{Heap before GC invocations=104 (full 3):
 PSYoungGen      total 10240K, used 9760K [0x00000000d5580000, 0x00000000d6080000, 0x0000000100000000)
  eden space 9216K, 100% used [0x00000000d5580000,0x00000000d5e80000,0x00000000d5e80000)
  from space 1024K, 53% used [0x00000000d5f80000,0x00000000d6008000,0x00000000d6080000)
  to   space 1024K, 0% used [0x00000000d5e80000,0x00000000d5e80000,0x00000000d5f80000)
 ParOldGen       total 68608K, used 59296K [0x0000000080000000, 0x0000000084300000, 0x00000000d5580000)
  object space 68608K, 86% used [0x0000000080000000,0x00000000839e8368,0x0000000084300000)
 Metaspace       used 72931K, committed 74496K, reserved 1114112K
  class space    used 9039K, committed 9664K, reserved 1048576K
}
Event: 2536.901 GC heap after
{Heap after GC invocations=104 (full 3):
 PSYoungGen      total 10240K, used 544K [0x00000000d5580000, 0x00000000d6080000, 0x0000000100000000)
  eden space 9216K, 0% used [0x00000000d5580000,0x00000000d5580000,0x00000000d5e80000)
  from space 1024K, 53% used [0x00000000d5e80000,0x00000000d5f08000,0x00000000d5f80000)
  to   space 1024K, 0% used [0x00000000d5f80000,0x00000000d5f80000,0x00000000d6080000)
 ParOldGen       total 68608K, used 59424K [0x0000000080000000, 0x0000000084300000, 0x00000000d5580000)
  object space 68608K, 86% used [0x0000000080000000,0x0000000083a08368,0x0000000084300000)
 Metaspace       used 72931K, committed 74496K, reserved 1114112K
  class space    used 9039K, committed 9664K, reserved 1048576K
}
Event: 2547.192 GC heap before
{Heap before GC invocations=105 (full 3):
 PSYoungGen      total 10240K, used 9760K [0x00000000d5580000, 0x00000000d6080000, 0x0000000100000000)
  eden space 9216K, 100% used [0x00000000d5580000,0x00000000d5e80000,0x00000000d5e80000)
  from space 1024K, 53% used [0x00000000d5e80000,0x00000000d5f08000,0x00000000d5f80000)
  to   space 1024K, 0% used [0x00000000d5f80000,0x00000000d5f80000,0x00000000d6080000)
 ParOldGen       total 68608K, used 59424K [0x0000000080000000, 0x0000000084300000, 0x00000000d5580000)
  object space 68608K, 86% used [0x0000000080000000,0x0000000083a08368,0x0000000084300000)
 Metaspace       used 72932K, committed 74496K, reserved 1114112K
  class space    used 9039K, committed 9664K, reserved 1048576K
}
Event: 2547.192 GC heap after
{Heap after GC invocations=105 (full 3):
 PSYoungGen      total 10240K, used 544K [0x00000000d5580000, 0x00000000d6080000, 0x0000000100000000)
  eden space 9216K, 0% used [0x00000000d5580000,0x00000000d5580000,0x00000000d5e80000)
  from space 1024K, 53% used [0x00000000d5f80000,0x00000000d6008000,0x00000000d6080000)
  to   space 1024K, 0% used [0x00000000d5e80000,0x00000000d5e80000,0x00000000d5f80000)
 ParOldGen       total 68608K, used 59552K [0x0000000080000000, 0x0000000084300000, 0x00000000d5580000)
  object space 68608K, 86% used [0x0000000080000000,0x0000000083a28368,0x0000000084300000)
 Metaspace       used 72932K, committed 74496K, reserved 1114112K
  class space    used 9039K, committed 9664K, reserved 1048576K
}
Event: 2736.157 GC heap before
{Heap before GC invocations=106 (full 3):
 PSYoungGen      total 10240K, used 9760K [0x00000000d5580000, 0x00000000d6080000, 0x0000000100000000)
  eden space 9216K, 100% used [0x00000000d5580000,0x00000000d5e80000,0x00000000d5e80000)
  from space 1024K, 53% used [0x00000000d5f80000,0x00000000d6008000,0x00000000d6080000)
  to   space 1024K, 0% used [0x00000000d5e80000,0x00000000d5e80000,0x00000000d5f80000)
 ParOldGen       total 68608K, used 59552K [0x0000000080000000, 0x0000000084300000, 0x00000000d5580000)
  object space 68608K, 86% used [0x0000000080000000,0x0000000083a28368,0x0000000084300000)
 Metaspace       used 72945K, committed 74496K, reserved 1114112K
  class space    used 9039K, committed 9664K, reserved 1048576K
}
Event: 2736.157 GC heap after
{Heap after GC invocations=106 (full 3):
 PSYoungGen      total 10240K, used 544K [0x00000000d5580000, 0x00000000d6080000, 0x0000000100000000)
  eden space 9216K, 0% used [0x00000000d5580000,0x00000000d5580000,0x00000000d5e80000)
  from space 1024K, 53% used [0x00000000d5e80000,0x00000000d5f08000,0x00000000d5f80000)
  to   space 1024K, 0% used [0x00000000d5f80000,0x00000000d5f80000,0x00000000d6080000)
 ParOldGen       total 68608K, used 59648K [0x0000000080000000, 0x0000000084300000, 0x00000000d5580000)
  object space 68608K, 86% used [0x0000000080000000,0x0000000083a40368,0x0000000084300000)
 Metaspace       used 72945K, committed 74496K, reserved 1114112K
  class space    used 9039K, committed 9664K, reserved 1048576K
}
Event: 2985.281 GC heap before
{Heap before GC invocations=107 (full 3):
 PSYoungGen      total 10240K, used 9760K [0x00000000d5580000, 0x00000000d6080000, 0x0000000100000000)
  eden space 9216K, 100% used [0x00000000d5580000,0x00000000d5e80000,0x00000000d5e80000)
  from space 1024K, 53% used [0x00000000d5e80000,0x00000000d5f08000,0x00000000d5f80000)
  to   space 1024K, 0% used [0x00000000d5f80000,0x00000000d5f80000,0x00000000d6080000)
 ParOldGen       total 68608K, used 59648K [0x0000000080000000, 0x0000000084300000, 0x00000000d5580000)
  object space 68608K, 86% used [0x0000000080000000,0x0000000083a40368,0x0000000084300000)
 Metaspace       used 72947K, committed 74496K, reserved 1114112K
  class space    used 9039K, committed 9664K, reserved 1048576K
}
Event: 2985.289 GC heap after
{Heap after GC invocations=107 (full 3):
 PSYoungGen      total 10240K, used 512K [0x00000000d5580000, 0x00000000d6080000, 0x0000000100000000)
  eden space 9216K, 0% used [0x00000000d5580000,0x00000000d5580000,0x00000000d5e80000)
  from space 1024K, 50% used [0x00000000d5f80000,0x00000000d6000000,0x00000000d6080000)
  to   space 1024K, 0% used [0x00000000d5e80000,0x00000000d5e80000,0x00000000d5f80000)
 ParOldGen       total 68608K, used 59752K [0x0000000080000000, 0x0000000084300000, 0x00000000d5580000)
  object space 68608K, 87% used [0x0000000080000000,0x0000000083a5a368,0x0000000084300000)
 Metaspace       used 72947K, committed 74496K, reserved 1114112K
  class space    used 9039K, committed 9664K, reserved 1048576K
}
Event: 2995.814 GC heap before
{Heap before GC invocations=108 (full 3):
 PSYoungGen      total 10240K, used 9728K [0x00000000d5580000, 0x00000000d6080000, 0x0000000100000000)
  eden space 9216K, 100% used [0x00000000d5580000,0x00000000d5e80000,0x00000000d5e80000)
  from space 1024K, 50% used [0x00000000d5f80000,0x00000000d6000000,0x00000000d6080000)
  to   space 1024K, 0% used [0x00000000d5e80000,0x00000000d5e80000,0x00000000d5f80000)
 ParOldGen       total 68608K, used 59752K [0x0000000080000000, 0x0000000084300000, 0x00000000d5580000)
  object space 68608K, 87% used [0x0000000080000000,0x0000000083a5a368,0x0000000084300000)
 Metaspace       used 72949K, committed 74496K, reserved 1114112K
  class space    used 9039K, committed 9664K, reserved 1048576K
}
Event: 2995.815 GC heap after
{Heap after GC invocations=108 (full 3):
 PSYoungGen      total 10240K, used 544K [0x00000000d5580000, 0x00000000d6080000, 0x0000000100000000)
  eden space 9216K, 0% used [0x00000000d5580000,0x00000000d5580000,0x00000000d5e80000)
  from space 1024K, 53% used [0x00000000d5e80000,0x00000000d5f08000,0x00000000d5f80000)
  to   space 1024K, 0% used [0x00000000d5f80000,0x00000000d5f80000,0x00000000d6080000)
 ParOldGen       total 68608K, used 59880K [0x0000000080000000, 0x0000000084300000, 0x00000000d5580000)
  object space 68608K, 87% used [0x0000000080000000,0x0000000083a7a368,0x0000000084300000)
 Metaspace       used 72949K, committed 74496K, reserved 1114112K
  class space    used 9039K, committed 9664K, reserved 1048576K
}
Event: 3179.631 GC heap before
{Heap before GC invocations=109 (full 3):
 PSYoungGen      total 10240K, used 9760K [0x00000000d5580000, 0x00000000d6080000, 0x0000000100000000)
  eden space 9216K, 100% used [0x00000000d5580000,0x00000000d5e80000,0x00000000d5e80000)
  from space 1024K, 53% used [0x00000000d5e80000,0x00000000d5f08000,0x00000000d5f80000)
  to   space 1024K, 0% used [0x00000000d5f80000,0x00000000d5f80000,0x00000000d6080000)
 ParOldGen       total 68608K, used 59880K [0x0000000080000000, 0x0000000084300000, 0x00000000d5580000)
  object space 68608K, 87% used [0x0000000080000000,0x0000000083a7a368,0x0000000084300000)
 Metaspace       used 72960K, committed 74496K, reserved 1114112K
  class space    used 9039K, committed 9664K, reserved 1048576K
}
Event: 3179.637 GC heap after
{Heap after GC invocations=109 (full 3):
 PSYoungGen      total 9728K, used 416K [0x00000000d5580000, 0x00000000d6000000, 0x0000000100000000)
  eden space 9216K, 0% used [0x00000000d5580000,0x00000000d5580000,0x00000000d5e80000)
  from space 512K, 81% used [0x00000000d5f80000,0x00000000d5fe8000,0x00000000d6000000)
  to   space 512K, 0% used [0x00000000d5f00000,0x00000000d5f00000,0x00000000d5f80000)
 ParOldGen       total 68608K, used 59960K [0x0000000080000000, 0x0000000084300000, 0x00000000d5580000)
  object space 68608K, 87% used [0x0000000080000000,0x0000000083a8e368,0x0000000084300000)
 Metaspace       used 72960K, committed 74496K, reserved 1114112K
  class space    used 9039K, committed 9664K, reserved 1048576K
}

